<?xml version="1.0" encoding="UTF-8"?>
<!-- Generated by org.testng.reporters.JUnitReportReporter -->
<testsuite hostname="Jamess-MBP-2" failures="0" tests="1" name="org.example.stepdefs.RunCucumberTest" time="19.075" errors="0" timestamp="2020-03-13T19:29:30 PDT" skipped="0">
  <testcase classname="org.example.stepdefs.RunCucumberTest" name="feature" time="19.075"/>
</testsuite> <!-- org.example.stepdefs.RunCucumberTest -->
